<?xml version="1.0" encoding="UTF-8"?>
<coverage generated="1627979924350" clover="3.2.0">
  <project timestamp="1627979924350" name="All files">
    <metrics statements="21" coveredstatements="1" conditionals="6" coveredconditionals="0" methods="4" coveredmethods="0" elements="31" coveredelements="1" complexity="0" loc="21" ncloc="21" packages="1" files="2" classes="2"/>
    <file name="formHandler.js" path="C:\Users\Ahmed\Documents\GitHub\evaluate-news-nlp\src\client\js\formHandler.js">
      <metrics statements="15" coveredstatements="1" conditionals="4" coveredconditionals="0" methods="3" coveredmethods="0"/>
      <line num="3" count="0" type="stmt"/>
      <line num="6" count="0" type="stmt"/>
      <line num="7" count="0" type="cond" truecount="0" falsecount="2"/>
      <line num="9" count="0" type="stmt"/>
      <line num="10" count="0" type="stmt"/>
      <line num="13" count="0" type="stmt"/>
      <line num="14" count="0" type="stmt"/>
      <line num="19" count="0" type="stmt"/>
      <line num="23" count="1" type="cond" truecount="0" falsecount="2"/>
      <line num="25" count="0" type="stmt"/>
      <line num="34" count="0" type="stmt"/>
      <line num="35" count="0" type="stmt"/>
      <line num="36" count="0" type="stmt"/>
      <line num="37" count="0" type="stmt"/>
      <line num="39" count="0" type="stmt"/>
    </file>
    <file name="urlChecker.js" path="C:\Users\Ahmed\Documents\GitHub\evaluate-news-nlp\src\client\js\urlChecker.js">
      <metrics statements="6" coveredstatements="0" conditionals="2" coveredconditionals="0" methods="1" coveredmethods="0"/>
      <line num="3" count="0" type="stmt"/>
      <line num="5" count="0" type="cond" truecount="0" falsecount="2"/>
      <line num="6" count="0" type="stmt"/>
      <line num="7" count="0" type="stmt"/>
      <line num="10" count="0" type="stmt"/>
      <line num="11" count="0" type="stmt"/>
    </file>
  </project>
</coverage>
