{"C:\\Users\\Ahmed\\Documents\\GitHub\\evaluate-news-nlp\\src\\client\\js\\formHandler.js": {"path":"C:\\Users\\Ahmed\\Documents\\GitHub\\evaluate-news-nlp\\src\\client\\js\\formHandler.js","statementMap":{"0":{"start":{"line":3,"column":4},"end":{"line":3,"column":26}},"1":{"start":{"line":6,"column":19},"end":{"line":6,"column":55}},"2":{"start":{"line":7,"column":3},"end":{"line":21,"column":1}},"3":{"start":{"line":9,"column":4},"end":{"line":9,"column":41}},"4":{"start":{"line":10,"column":4},"end":{"line":15,"column":6}},"5":{"start":{"line":13,"column":8},"end":{"line":13,"column":63}},"6":{"start":{"line":14,"column":8},"end":{"line":14,"column":63}},"7":{"start":{"line":19,"column":4},"end":{"line":19,"column":38}},"8":{"start":{"line":23,"column":18},"end":{"line":40,"column":6}},"9":{"start":{"line":25,"column":21},"end":{"line":33,"column":6}},"10":{"start":{"line":34,"column":4},"end":{"line":40,"column":5}},"11":{"start":{"line":35,"column":30},"end":{"line":35,"column":51}},"12":{"start":{"line":36,"column":8},"end":{"line":36,"column":52}},"13":{"start":{"line":37,"column":8},"end":{"line":37,"column":29}},"14":{"start":{"line":39,"column":8},"end":{"line":39,"column":36}}},"fnMap":{"0":{"name":"handleSubmit","decl":{"start":{"line":2,"column":9},"end":{"line":2,"column":21}},"loc":{"start":{"line":2,"column":29},"end":{"line":22,"column":1}},"line":2},"1":{"name":"(anonymous_1)","decl":{"start":{"line":12,"column":10},"end":{"line":12,"column":11}},"loc":{"start":{"line":12,"column":24},"end":{"line":15,"column":5}},"line":12},"2":{"name":"(anonymous_2)","decl":{"start":{"line":23,"column":18},"end":{"line":23,"column":19}},"loc":{"start":{"line":23,"column":49},"end":{"line":40,"column":6}},"line":23}},"branchMap":{"0":{"loc":{"start":{"line":7,"column":3},"end":{"line":21,"column":1}},"type":"if","locations":[{"start":{"line":7,"column":3},"end":{"line":21,"column":1}},{"start":{"line":7,"column":3},"end":{"line":21,"column":1}}],"line":7},"1":{"loc":{"start":{"line":23,"column":25},"end":{"line":23,"column":33}},"type":"default-arg","locations":[{"start":{"line":23,"column":31},"end":{"line":23,"column":33}}],"line":23},"2":{"loc":{"start":{"line":23,"column":35},"end":{"line":23,"column":44}},"type":"default-arg","locations":[{"start":{"line":23,"column":42},"end":{"line":23,"column":44}}],"line":23}},"s":{"0":0,"1":0,"2":0,"3":0,"4":0,"5":0,"6":0,"7":0,"8":1,"9":0,"10":0,"11":0,"12":0,"13":0,"14":0},"f":{"0":0,"1":0,"2":0},"b":{"0":[0,0],"1":[0],"2":[0]},"_coverageSchema":"1a1c01bbd47fc00a2c39e90264f33305004495a9","hash":"89555ce2da4441f38d82519db7f4edf3a530a6c1"}
,"C:\\Users\\Ahmed\\Documents\\GitHub\\evaluate-news-nlp\\src\\client\\js\\urlChecker.js": {"path":"C:\\Users\\Ahmed\\Documents\\GitHub\\evaluate-news-nlp\\src\\client\\js\\urlChecker.js","statementMap":{"0":{"start":{"line":3,"column":16},"end":{"line":3,"column":132}},"1":{"start":{"line":5,"column":5},"end":{"line":12,"column":6}},"2":{"start":{"line":6,"column":8},"end":{"line":6,"column":33}},"3":{"start":{"line":7,"column":9},"end":{"line":7,"column":23}},"4":{"start":{"line":10,"column":8},"end":{"line":10,"column":30}},"5":{"start":{"line":11,"column":5},"end":{"line":11,"column":17}}},"fnMap":{"0":{"name":"checkForURL","decl":{"start":{"line":1,"column":16},"end":{"line":1,"column":27}},"loc":{"start":{"line":1,"column":39},"end":{"line":14,"column":1}},"line":1}},"branchMap":{"0":{"loc":{"start":{"line":5,"column":5},"end":{"line":12,"column":6}},"type":"if","locations":[{"start":{"line":5,"column":5},"end":{"line":12,"column":6}},{"start":{"line":5,"column":5},"end":{"line":12,"column":6}}],"line":5}},"s":{"0":0,"1":0,"2":0,"3":0,"4":0,"5":0},"f":{"0":0},"b":{"0":[0,0]},"_coverageSchema":"1a1c01bbd47fc00a2c39e90264f33305004495a9","hash":"c4e42c6ccc155bd8e61c8749b8fa03c0ce7111c9"}
}
