TN:
SF:src\client\js\formHandler.js
FN:2,handleSubmit
FN:12,(anonymous_1)
FN:23,(anonymous_2)
FNF:3
FNH:0
FNDA:0,handleSubmit
FNDA:0,(anonymous_1)
FNDA:0,(anonymous_2)
DA:3,0
DA:6,0
DA:7,0
DA:9,0
DA:10,0
DA:13,0
DA:14,0
DA:19,0
DA:23,1
DA:25,0
DA:34,0
DA:35,0
DA:36,0
DA:37,0
DA:39,0
LF:15
LH:1
BRDA:7,0,0,0
BRDA:7,0,1,0
BRDA:23,1,0,0
BRDA:23,2,0,0
BRF:4
BRH:0
end_of_record
TN:
SF:src\client\js\urlChecker.js
FN:1,checkForURL
FNF:1
FNH:0
FNDA:0,checkForURL
DA:3,0
DA:5,0
DA:6,0
DA:7,0
DA:10,0
DA:11,0
LF:6
LH:0
BRDA:5,0,0,0
BRDA:5,0,1,0
BRF:2
BRH:0
end_of_record
